<?xml version="1.0" encoding="UTF-8"?>
<testsuite xmlns:xsi="http://www.w3.org/2001/XMLSchema-instance" xsi:noNamespaceSchemaLocation="https://maven.apache.org/surefire/maven-surefire-plugin/xsd/surefire-test-report.xsd" name="ExceptionTests" time="0.232" tests="5" errors="0" skipped="0" failures="1">
  <properties>
[...]
</properties>
  <testcase name="moreThenFourElementsInputString" classname="ExceptionTests" time="0.105"/>
  <testcase name="lessThanFourElementsInputString" classname="ExceptionTests" time="0.006"/>
  <testcase name="insertCorrectData" classname="ExceptionTests" time="0.051">
    <failure message="expected: &lt;+79991234567&gt; but was: &lt;79991234567&gt;" type="org.opentest4j.AssertionFailedError"><![CDATA[org.opentest4j.AssertionFailedError: expected: <+79991234567> but was: <79991234567>
	at ExceptionTests.insertCorrectData(ExceptionTests.java:69)
]]></failure>
  </testcase>
  <testcase name="wrongEmailFormatWithoutAt" classname="ExceptionTests" time="0.008"/>
  <testcase name="wrongPhoneFormatWithoutDigits" classname="ExceptionTests" time="0.007"/>
</testsuite>